<html>
<body>
<pre>
<h1>Vision3 Build Log</h1>
<h2>Project:</h2>
C:\Users\Administrator\Desktop\16x16点阵-2显示一个流动的点 - 副本\static led\static.uv2
Project File Date:  12/06/2021

<h2>Output:</h2>
compiling static.c...
STATIC.C(91): error C158: '_Send_595_16': function contains unnamed parameter
STATIC.C(95): error C202: 'dat': undefined identifier
STATIC.C(115): error C202: 'dat': undefined identifier
STATIC.C(252): error C141: syntax error near '}'
static.c - 4 Error(s), 0 Warning(s).
compiling static.c...
STATIC.C(91): error C158: '_Send_595_16': function contains unnamed parameter
STATIC.C(95): error C202: 'dat': undefined identifier
STATIC.C(115): error C202: 'dat': undefined identifier
STATIC.C(194): error C141: syntax error near '}'
static.c - 4 Error(s), 0 Warning(s).
compiling static.c...
STATIC.C(91): error C158: '_Send_595_16': function contains unnamed parameter
STATIC.C(95): error C202: 'dat': undefined identifier
STATIC.C(115): error C202: 'dat': undefined identifier
STATIC.C(166): error C141: syntax error near '}'
static.c - 4 Error(s), 0 Warning(s).
compiling static.c...
STATIC.C(91): error C158: '_Send_595_16': function contains unnamed parameter
STATIC.C(95): error C202: 'dat': undefined identifier
STATIC.C(115): error C202: 'dat': undefined identifier
STATIC.C(166): error C141: syntax error near '}'
static.c - 4 Error(s), 0 Warning(s).
Build target 'Target 1'
compiling static.c...
STATIC.C(166): error C141: syntax error near '}'
Target not created
compiling static.c...
static.c - 0 Error(s), 0 Warning(s).
Build target 'Target 1'
assembling STARTUP.A51...
compiling static.c...
linking...
*** WARNING L16: UNCALLED SEGMENT, IGNORED FOR OVERLAY PROCESS
    SEGMENT: ?PR?_SEND_595?STATIC
Program Size: data=11.0 xdata=0 code=294
creating hex file from "static"...
"static" - 0 Error(s), 1 Warning(s).
compiling static.c...
STATIC.C(161): error C141: syntax error near ')'
STATIC.C(162): error C202: 'x': undefined identifier
STATIC.C(163): error C202: 'x': undefined identifier
STATIC.C(166): error C202: 'y': undefined identifier
STATIC.C(166): error C141: syntax error near ')'
static.c - 5 Error(s), 0 Warning(s).
Build target 'Target 1'
compiling static.c...
STATIC.C(158): error C141: syntax error near ')'
STATIC.C(159): error C202: 'x': undefined identifier
STATIC.C(160): error C202: 'x': undefined identifier
STATIC.C(163): error C202: 'y': undefined identifier
STATIC.C(163): error C141: syntax error near ')'
Target not created
compiling static.c...
STATIC.C(163): error C141: syntax error near ')'
STATIC.C(167): error C202: 'i': undefined identifier
static.c - 2 Error(s), 0 Warning(s).
compiling static.c...
STATIC.C(167): error C202: 'i': undefined identifier
static.c - 1 Error(s), 0 Warning(s).
compiling static.c...
STATIC.C(168): error C202: 'i': undefined identifier
static.c - 1 Error(s), 0 Warning(s).
compiling static.c...
static.c - 0 Error(s), 0 Warning(s).
Build target 'Target 1'
assembling STARTUP.A51...
compiling static.c...
linking...
*** WARNING L16: UNCALLED SEGMENT, IGNORED FOR OVERLAY PROCESS
    SEGMENT: ?PR?_SEND_595?STATIC
Program Size: data=13.0 xdata=0 code=319
creating hex file from "static"...
"static" - 0 Error(s), 1 Warning(s).
Build target 'Target 1'
assembling STARTUP.A51...
compiling static.c...
linking...
*** WARNING L16: UNCALLED SEGMENT, IGNORED FOR OVERLAY PROCESS
    SEGMENT: ?PR?_SEND_595?STATIC
Program Size: data=13.0 xdata=0 code=326
creating hex file from "static"...
"static" - 0 Error(s), 1 Warning(s).
Build target 'Target 1'
assembling STARTUP.A51...
compiling static.c...
linking...
*** WARNING L16: UNCALLED SEGMENT, IGNORED FOR OVERLAY PROCESS
    SEGMENT: ?PR?_SEND_595?STATIC
Program Size: data=13.0 xdata=0 code=326
creating hex file from "static"...
"static" - 0 Error(s), 1 Warning(s).
Build target 'Target 1'
assembling STARTUP.A51...
compiling static.c...
linking...
*** WARNING L16: UNCALLED SEGMENT, IGNORED FOR OVERLAY PROCESS
    SEGMENT: ?PR?_SEND_595?STATIC
Program Size: data=13.0 xdata=0 code=326
creating hex file from "static"...
"static" - 0 Error(s), 1 Warning(s).
Build target 'Target 1'
assembling STARTUP.A51...
compiling static.c...
STATIC.C(127): error C141: syntax error near 'for'
Target not created
Build target 'Target 1'
assembling STARTUP.A51...
compiling static.c...
linking...
Program Size: data=13.0 xdata=0 code=300
creating hex file from "static"...
"static" - 0 Error(s), 0 Warning(s).
Build target 'Target 1'
assembling STARTUP.A51...
compiling static.c...
STATIC.C(122): warning C280: 'y': unreferenced local variable
linking...
Program Size: data=13.0 xdata=0 code=287
creating hex file from "static"...
"static" - 0 Error(s), 1 Warning(s).
Build target 'Target 1'
assembling STARTUP.A51...
compiling static.c...
STATIC.C(122): warning C280: 'y': unreferenced local variable
linking...
Program Size: data=13.0 xdata=0 code=287
creating hex file from "static"...
"static" - 0 Error(s), 1 Warning(s).
Build target 'Target 1'
assembling STARTUP.A51...
compiling static.c...
STATIC.C(122): warning C280: 'y': unreferenced local variable
linking...
Program Size: data=13.0 xdata=0 code=287
creating hex file from "static"...
"static" - 0 Error(s), 1 Warning(s).
Build target 'Target 1'
assembling STARTUP.A51...
compiling static.c...
STATIC.C(96): error C141: syntax error near 'Send_595_16'
STATIC.C(96): error C161: 'dat': formal parameter ignored
STATIC.C(96): error C141: syntax error near '[', expected ')'
STATIC.C(96): error C231: '_Send_595_16': redefinition
Target not created
compiling static.c...
STATIC.C(96): error C141: syntax error near ']'
static.c - 1 Error(s), 0 Warning(s).
compiling static.c...
STATIC.C(96): warning C214: 'Argument': conversion: pointer to non-pointer
STATIC.C(128): error C214: illegal pointer conversion
static.c - 1 Error(s), 1 Warning(s).
compiling static.c...
STATIC.C(96): warning C214: 'Argument': conversion: pointer to non-pointer
STATIC.C(128): error C214: illegal pointer conversion
static.c - 1 Error(s), 1 Warning(s).
compiling static.c...
STATIC.C(122): warning C280: 'y': unreferenced local variable
static.c - 0 Error(s), 1 Warning(s).
Build target 'Target 1'
assembling STARTUP.A51...
compiling static.c...
STATIC.C(122): warning C280: 'y': unreferenced local variable
linking...
Program Size: data=13.0 xdata=0 code=287
creating hex file from "static"...
"static" - 0 Error(s), 1 Warning(s).
Build target 'Target 1'
compiling static.c...
STATIC.C(122): warning C280: 'y': unreferenced local variable
linking...
Program Size: data=13.0 xdata=0 code=287
creating hex file from "static"...
"static" - 0 Error(s), 1 Warning(s).
Build target 'Target 1'
assembling STARTUP.A51...
compiling static.c...
STATIC.C(122): warning C280: 'y': unreferenced local variable
linking...
Program Size: data=13.0 xdata=0 code=287
creating hex file from "static"...
"static" - 0 Error(s), 1 Warning(s).
compiling static.c...
STATIC.C(91): warning C280: 'j': unreferenced local variable
STATIC.C(91): warning C280: 'temp1': unreferenced local variable
STATIC.C(91): warning C280: 'temp2': unreferenced local variable
STATIC.C(118): warning C280: 'y': unreferenced local variable
static.c - 0 Error(s), 4 Warning(s).
Build target 'Target 1'
assembling STARTUP.A51...
compiling static.c...
STATIC.C(91): warning C280: 'j': unreferenced local variable
STATIC.C(91): warning C280: 'temp1': unreferenced local variable
STATIC.C(91): warning C280: 'temp2': unreferenced local variable
STATIC.C(118): warning C280: 'y': unreferenced local variable
linking...
Program Size: data=16.0 xdata=0 code=314
creating hex file from "static"...
"static" - 0 Error(s), 4 Warning(s).
Build target 'Target 1'
assembling STARTUP.A51...
compiling static.c...
STATIC.C(91): warning C280: 'j': unreferenced local variable
STATIC.C(91): warning C280: 'temp1': unreferenced local variable
STATIC.C(91): warning C280: 'temp2': unreferenced local variable
STATIC.C(118): warning C280: 'y': unreferenced local variable
linking...
Program Size: data=16.0 xdata=0 code=314
creating hex file from "static"...
"static" - 0 Error(s), 4 Warning(s).
Build target 'Target 1'
assembling STARTUP.A51...
compiling static.c...
STATIC.C(91): warning C280: 'j': unreferenced local variable
STATIC.C(91): warning C280: 'temp1': unreferenced local variable
STATIC.C(91): warning C280: 'temp2': unreferenced local variable
STATIC.C(118): warning C280: 'y': unreferenced local variable
linking...
Program Size: data=16.0 xdata=0 code=314
creating hex file from "static"...
"static" - 0 Error(s), 4 Warning(s).
Build target 'Target 1'
assembling STARTUP.A51...
compiling static.c...
STATIC.C(91): warning C280: 'j': unreferenced local variable
STATIC.C(91): warning C280: 'temp1': unreferenced local variable
STATIC.C(91): warning C280: 'temp2': unreferenced local variable
STATIC.C(118): warning C280: 'y': unreferenced local variable
linking...
Program Size: data=16.0 xdata=0 code=312
creating hex file from "static"...
"static" - 0 Error(s), 4 Warning(s).
Build target 'Target 1'
assembling STARTUP.A51...
compiling static.c...
STATIC.C(91): warning C280: 'j': unreferenced local variable
STATIC.C(91): warning C280: 'temp1': unreferenced local variable
STATIC.C(91): warning C280: 'temp2': unreferenced local variable
linking...
Program Size: data=16.0 xdata=0 code=324
creating hex file from "static"...
"static" - 0 Error(s), 3 Warning(s).
Build target 'Target 1'
assembling STARTUP.A51...
compiling static.c...
STATIC.C(91): warning C280: 'j': unreferenced local variable
STATIC.C(91): warning C280: 'temp1': unreferenced local variable
STATIC.C(91): warning C280: 'temp2': unreferenced local variable
STATIC.C(130): error C141: syntax error near 'x'
Target not created
compiling static.c...
STATIC.C(91): warning C280: 'j': unreferenced local variable
STATIC.C(91): warning C280: 'temp1': unreferenced local variable
STATIC.C(91): warning C280: 'temp2': unreferenced local variable
STATIC.C(130): error C141: syntax error near 'x'
static.c - 1 Error(s), 3 Warning(s).
compiling static.c...
STATIC.C(91): warning C280: 'j': unreferenced local variable
STATIC.C(91): warning C280: 'temp1': unreferenced local variable
STATIC.C(91): warning C280: 'temp2': unreferenced local variable
static.c - 0 Error(s), 3 Warning(s).
compiling static.c...
STATIC.C(91): warning C280: 'j': unreferenced local variable
STATIC.C(91): warning C280: 'temp1': unreferenced local variable
STATIC.C(91): warning C280: 'temp2': unreferenced local variable
STATIC.C(129): error C141: syntax error near 'x'
static.c - 1 Error(s), 3 Warning(s).
compiling static.c...
STATIC.C(91): warning C280: 'j': unreferenced local variable
STATIC.C(91): warning C280: 'temp1': unreferenced local variable
STATIC.C(91): warning C280: 'temp2': unreferenced local variable
STATIC.C(129): error C141: syntax error near 'x'
static.c - 1 Error(s), 3 Warning(s).
compiling static.c...
STATIC.C(91): warning C280: 'j': unreferenced local variable
STATIC.C(91): warning C280: 'temp1': unreferenced local variable
STATIC.C(91): warning C280: 'temp2': unreferenced local variable
static.c - 0 Error(s), 3 Warning(s).
Build target 'Target 1'
assembling STARTUP.A51...
compiling static.c...
STATIC.C(91): warning C280: 'j': unreferenced local variable
STATIC.C(91): warning C280: 'temp1': unreferenced local variable
STATIC.C(91): warning C280: 'temp2': unreferenced local variable
linking...
Program Size: data=17.0 xdata=0 code=359
creating hex file from "static"...
"static" - 0 Error(s), 3 Warning(s).
Build target 'Target 1'
assembling STARTUP.A51...
compiling static.c...
STATIC.C(91): warning C280: 'j': unreferenced local variable
STATIC.C(91): warning C280: 'temp1': unreferenced local variable
STATIC.C(91): warning C280: 'temp2': unreferenced local variable
linking...
Program Size: data=17.0 xdata=0 code=359
creating hex file from "static"...
"static" - 0 Error(s), 3 Warning(s).
Build target 'Target 1'
assembling STARTUP.A51...
compiling static.c...
STATIC.C(91): warning C280: 'j': unreferenced local variable
STATIC.C(91): warning C280: 'temp1': unreferenced local variable
STATIC.C(91): warning C280: 'temp2': unreferenced local variable
linking...
Program Size: data=17.0 xdata=0 code=359
creating hex file from "static"...
"static" - 0 Error(s), 3 Warning(s).
Build target 'Target 1'
assembling STARTUP.A51...
compiling static.c...
STATIC.C(91): warning C280: 'j': unreferenced local variable
STATIC.C(91): warning C280: 'temp1': unreferenced local variable
STATIC.C(91): warning C280: 'temp2': unreferenced local variable
linking...
Program Size: data=17.0 xdata=0 code=359
creating hex file from "static"...
"static" - 0 Error(s), 3 Warning(s).
Build target 'Target 1'
assembling STARTUP.A51...
compiling static.c...
linking...
Program Size: data=13.0 xdata=0 code=351
creating hex file from "static"...
"static" - 0 Error(s), 0 Warning(s).
Build target 'Target 1'
assembling STARTUP.A51...
compiling static.c...
STATIC.C(110): error C132: 'main': not in formal parameter list
STATIC.C(110): error C141: syntax error near '{'
STATIC.C(114): error C132: 'y': not in formal parameter list
STATIC.C(115): error C132: 'x': not in formal parameter list
STATIC.C(117): error C141: syntax error near 'for'
STATIC.C(117): error C141: syntax error near '=', expected ')'
STATIC.C(117): error C129: missing ';' before '<'
Target not created
Build target 'Target 1'
assembling STARTUP.A51...
compiling static.c...
linking...
Program Size: data=14.0 xdata=0 code=359
creating hex file from "static"...
"static" - 0 Error(s), 0 Warning(s).
compiling static.c...
static.c - 0 Error(s), 0 Warning(s).
Build target 'Target 1'
assembling STARTUP.A51...
compiling static.c...
linking...
Program Size: data=14.0 xdata=0 code=423
creating hex file from "static"...
"static" - 0 Error(s), 0 Warning(s).
compiling static.c...
static.c - 0 Error(s), 0 Warning(s).
Build target 'Target 1'
assembling STARTUP.A51...
compiling static.c...
linking...
Program Size: data=14.0 xdata=0 code=430
creating hex file from "static"...
"static" - 0 Error(s), 0 Warning(s).
Build target 'Target 1'
assembling STARTUP.A51...
compiling static.c...
linking...
*** WARNING L16: UNCALLED SEGMENT, IGNORED FOR OVERLAY PROCESS
    SEGMENT: ?PR?_SHOW_595_POINT?STATIC
Program Size: data=14.0 xdata=0 code=415
creating hex file from "static"...
"static" - 0 Error(s), 1 Warning(s).
